<?xml version="1.0" encoding="UTF-8"?>
<testsuite xmlns:xsi="http://www.w3.org/2001/XMLSchema-instance" xsi:noNamespaceSchemaLocation="https://maven.apache.org/surefire/maven-surefire-plugin/xsd/surefire-test-report.xsd" name="MVCControllerTest.UserControllerMVCTest" time="10.527" tests="4" errors="0" skipped="0" failures="0">
  <properties>
[...]
</properties>
  <testcase name="getAllUsersTest" classname="MVCControllerTest.UserControllerMVCTest" time="0.346"/>
  <testcase name="URITest" classname="MVCControllerTest.UserControllerMVCTest" time="0.193"/>
  <testcase name="getCustomerURI" classname="MVCControllerTest.UserControllerMVCTest" time="0.066"/>
  <testcase name="getUserByIdTest" classname="MVCControllerTest.UserControllerMVCTest" time="0.003"/>
</testsuite>